<?xml version="1.0" encoding="UTF-8"?>
<testsuite name="com.example.RestClientService.controllers.ClientControllerTests" tests="8" skipped="0" failures="0" errors="0" timestamp="2023-09-26T16:14:45" hostname="Vova-laptop" time="0.133">
  <properties/>
  <testcase name="testDeleteClientById_Success()" classname="com.example.RestClientService.controllers.ClientControllerTests" time="0.114"/>
  <testcase name="testGetClientByIdNotFound()" classname="com.example.RestClientService.controllers.ClientControllerTests" time="0.008"/>
  <testcase name="testGetClientById()" classname="com.example.RestClientService.controllers.ClientControllerTests" time="0.003"/>
  <testcase name="testGetClientByEmailSuccess()" classname="com.example.RestClientService.controllers.ClientControllerTests" time="0.001"/>
  <testcase name="testChangeClientDataSuccess()" classname="com.example.RestClientService.controllers.ClientControllerTests" time="0.001"/>
  <testcase name="testGetAllClientsSuccess()" classname="com.example.RestClientService.controllers.ClientControllerTests" time="0.001"/>
  <testcase name="testCreateNewClient()" classname="com.example.RestClientService.controllers.ClientControllerTests" time="0.001"/>
  <testcase name="testGetClientByEmailNotFound()" classname="com.example.RestClientService.controllers.ClientControllerTests" time="0.0"/>
  <system-out><![CDATA[2023-09-26T19:14:45.309+03:00 ERROR 73569 --- [    Test worker] c.e.R.controllers.ClientController       : Client not found
2023-09-26T19:14:45.316+03:00 ERROR 73569 --- [    Test worker] c.e.R.controllers.ClientController       : Client not Found
2023-09-26T19:14:45.325+03:00  INFO 73569 --- [    Test worker] c.e.R.controllers.ClientController       : Client: Client(id=1, login=vova, email=vl@mail.ru, password=1234)
2023-09-26T19:14:45.327+03:00  INFO 73569 --- [    Test worker] c.e.R.controllers.ClientController       : Client: Client(id=null, login=null, email=example@email.com, password=null)
2023-09-26T19:14:45.328+03:00 ERROR 73569 --- [    Test worker] c.e.R.controllers.ClientController       : Client not found
2023-09-26T19:14:45.332+03:00 ERROR 73569 --- [    Test worker] c.e.R.controllers.ClientController       : Client not Found
]]></system-out>
  <system-err><![CDATA[]]></system-err>
</testsuite>
