<?xml version="1.0" encoding="UTF-8"?>
<testsuite name="com.example.RestClientService.services.ClientServiceImplTests" tests="5" skipped="0" failures="0" errors="0" timestamp="2023-09-26T16:14:45" hostname="Vova-laptop" time="0.041">
  <properties/>
  <testcase name="testGetClientById()" classname="com.example.RestClientService.services.ClientServiceImplTests" time="0.033"/>
  <testcase name="testDeleteClientById()" classname="com.example.RestClientService.services.ClientServiceImplTests" time="0.002"/>
  <testcase name="testGetClientByEmail()" classname="com.example.RestClientService.services.ClientServiceImplTests" time="0.001"/>
  <testcase name="testGetAllClient()" classname="com.example.RestClientService.services.ClientServiceImplTests" time="0.001"/>
  <testcase name="testChangeClientData()" classname="com.example.RestClientService.services.ClientServiceImplTests" time="0.002"/>
  <system-out><![CDATA[]]></system-out>
  <system-err><![CDATA[]]></system-err>
</testsuite>
